2015-05-15 10:20:28 HandlerKafkaZkLocal [INFO] preparing......
2015-05-15 10:20:28 HandlerKafkaZkLocal [INFO] initializing......
2015-05-15 10:20:28 TrackerConf [INFO] load file : classpath:tracker.properties
2015-05-15 10:22:03 HandlerKafkaZkLocal [INFO] preparing......
2015-05-15 10:22:03 HandlerKafkaZkLocal [INFO] initializing......
2015-05-15 10:22:03 TrackerConf [INFO] load file : classpath:tracker.properties
2015-05-15 10:22:07 HandlerKafkaZkLocal [INFO] finding position......
2015-05-15 10:22:07 HandlerKafkaZkLocal [INFO] start the tracker successfully......
2015-05-15 10:22:07 HandlerKafkaZkLocal [INFO] find zk position......
2015-05-15 10:22:07 HandlerKafkaZkLocal [INFO] start position :mysql-bin.000244:543:1:0
2015-05-15 10:22:07 HandlerKafkaZkLocal$Fetcher [INFO] set the binlog configuration for the binlog dump
2015-05-15 10:22:07 HandlerKafkaZkLocal$Fetcher [INFO] send the binlog dump packet to mysql , let mysql set up a binlog dump thread in mysql
2015-05-15 10:22:08 HandlerKafkaZkLocal$HeartBeat [INFO] =================================> check assembly heartbeats......
2015-05-15 10:22:08 HandlerKafkaZkLocal$Minuter [INFO] ===================================> per minute thread :
2015-05-15 10:22:08 HandlerKafkaZkLocal$Minuter [INFO] ---> binlog file is null,position is :-1; batch id is :-1,in batch id is :-1
2015-05-15 10:22:08 HandlerKafkaZkLocal$Fetcher [ERROR] fetch thread error : Received error packet: errno = 1236, sqlstate = HY000 errmsg = Could not find first log file name in binary log index file
2015-05-15 10:22:09 HandlerKafkaZkLocal$Fetcher$FetchMonitorMin [INFO] ==============> per minute fetch monitor:
2015-05-15 10:22:09 HandlerKafkaZkLocal$Fetcher$FetchMonitorMin [INFO] ---> fetch number of entry:0 entries
2015-05-15 10:22:09 HandlerKafkaZkLocal$Fetcher$FetchMonitorMin [INFO] ---> fetch sum size :0.0 MB
2015-05-15 10:22:09 HandlerKafkaZkLocal$Fetcher$FetchMonitorMin [INFO] ---> fetch delay num :0.0
2015-05-15 10:22:09 HandlerKafkaZkLocal$Fetcher$FetchMonitorMin [ERROR] 
2015-05-15 10:22:10 HandlerKafkaZkLocal [ERROR] connect loss or position is error!!! reload......
2015-05-15 10:22:10 HandlerKafkaZkLocal [INFO] closing......
2015-05-15 10:22:10 HandlerKafkaZkLocal [INFO] preparing......
2015-05-15 10:22:10 HandlerKafkaZkLocal [INFO] initializing......
2015-05-15 10:22:10 TrackerConf [INFO] load file : classpath:tracker.properties
2015-05-15 10:22:10 HandlerKafkaZkLocal [INFO] finding position......
2015-05-15 10:22:10 HandlerKafkaZkLocal [INFO] find mysql show master status......
2015-05-15 10:22:10 HandlerKafkaZkLocal [INFO] start the tracker successfully......
2015-05-15 10:22:10 HandlerKafkaZkLocal [INFO] start position :mysql-bin.000305:107:0:0
2015-05-15 10:22:10 HandlerKafkaZkLocal$Fetcher [INFO] set the binlog configuration for the binlog dump
2015-05-15 10:22:10 HandlerKafkaZkLocal$Fetcher [INFO] send the binlog dump packet to mysql , let mysql set up a binlog dump thread in mysql
2015-05-15 10:22:10 LogEventConvert [INFO] EVENT : rotate
2015-05-15 10:22:11 HandlerKafkaZkLocal$HeartBeat [INFO] =================================> check assembly heartbeats......
2015-05-15 10:22:11 HandlerKafkaZkLocal$Fetcher$FetchMonitorMin [INFO] ==============> per minute fetch monitor:
2015-05-15 10:22:11 HandlerKafkaZkLocal$Fetcher$FetchMonitorMin [INFO] ---> fetch number of entry:0 entries
2015-05-15 10:22:11 HandlerKafkaZkLocal$Fetcher$FetchMonitorMin [INFO] ---> fetch sum size :0.0 MB
2015-05-15 10:22:11 HandlerKafkaZkLocal$Fetcher$FetchMonitorMin [INFO] ---> fetch delay num :0.0
2015-05-15 10:22:11 HandlerKafkaZkLocal$Fetcher$FetchMonitorMin [ERROR] 
2015-05-15 10:22:11 HandlerKafkaZkLocal$Minuter [INFO] ===================================> per minute thread :
2015-05-15 10:22:11 HandlerKafkaZkLocal$Minuter [INFO] ---> binlog file is null,position is :-1; batch id is :-1,in batch id is :-1
2015-05-15 10:24:40 HandlerKafkaZkLocal [INFO] preparing......
2015-05-15 10:24:44 HandlerKafkaZkLocal [INFO] initializing......
2015-05-15 10:24:53 TrackerConf [INFO] load file : classpath:tracker.properties
2015-05-15 10:26:00 HandlerKafkaZkLocal [INFO] finding position......
2015-05-15 10:26:04 HandlerKafkaZkLocal$HeartBeat [INFO] =================================> check assembly heartbeats......
2015-05-15 10:26:04 HandlerKafkaZkLocal [INFO] find mysql show master status......
2015-05-15 10:26:09 HandlerKafkaZkLocal [INFO] start the tracker successfully......
2015-05-15 10:26:11 HandlerKafkaZkLocal$Minuter [INFO] ===================================> per minute thread :
2015-05-15 10:26:11 HandlerKafkaZkLocal$Minuter [INFO] ---> binlog file is null,position is :-1; batch id is :-1,in batch id is :-1
2015-05-15 10:26:11 HandlerKafkaZkLocal [INFO] start position :mysql-bin.000305:107:0:0
2015-05-15 10:26:11 HandlerKafkaZkLocal$Fetcher [INFO] set the binlog configuration for the binlog dump
2015-05-15 10:26:11 HandlerKafkaZkLocal$Fetcher [INFO] send the binlog dump packet to mysql , let mysql set up a binlog dump thread in mysql
2015-05-15 10:26:12 LogEventConvert [INFO] EVENT : rotate
2015-05-15 10:26:13 HandlerKafkaZkLocal$Fetcher$FetchMonitorMin [INFO] ==============> per minute fetch monitor:
2015-05-15 10:26:13 HandlerKafkaZkLocal$Fetcher$FetchMonitorMin [INFO] ---> fetch number of entry:0 entries
2015-05-15 10:26:13 HandlerKafkaZkLocal$Fetcher$FetchMonitorMin [INFO] ---> fetch sum size :0.0 MB
2015-05-15 10:26:13 HandlerKafkaZkLocal$Fetcher$FetchMonitorMin [INFO] ---> fetch delay num :0.0
2015-05-15 10:26:13 HandlerKafkaZkLocal$Fetcher$FetchMonitorMin [ERROR] 
2015-05-15 10:27:13 HandlerKafkaZkLocal [INFO] preparing......
2015-05-15 10:27:13 HandlerKafkaZkLocal [INFO] initializing......
2015-05-15 10:27:13 TrackerConf [INFO] load file : classpath:tracker.properties
2015-05-15 10:27:15 HandlerKafkaZkLocal [INFO] finding position......
2015-05-15 10:27:15 HandlerKafkaZkLocal [INFO] start the tracker successfully......
2015-05-15 10:27:15 HandlerKafkaZkLocal [INFO] find mysql show master status......
2015-05-15 10:27:15 HandlerKafkaZkLocal [INFO] start position :mysql-bin.000305:107:0:0
2015-05-15 10:27:15 HandlerKafkaZkLocal$Fetcher [INFO] set the binlog configuration for the binlog dump
2015-05-15 10:27:15 HandlerKafkaZkLocal$Fetcher [INFO] send the binlog dump packet to mysql , let mysql set up a binlog dump thread in mysql
2015-05-15 10:27:15 LogEventConvert [INFO] EVENT : rotate
2015-05-15 10:27:16 HandlerKafkaZkLocal$HeartBeat [INFO] =================================> check assembly heartbeats......
2015-05-15 10:27:16 HandlerKafkaZkLocal$Minuter [INFO] ===================================> per minute thread :
2015-05-15 10:27:16 HandlerKafkaZkLocal$Minuter [INFO] ---> binlog file is null,position is :-1; batch id is :-1,in batch id is :-1
2015-05-15 10:27:16 HandlerKafkaZkLocal$Fetcher$FetchMonitorMin [INFO] ==============> per minute fetch monitor:
2015-05-15 10:27:16 HandlerKafkaZkLocal$Fetcher$FetchMonitorMin [INFO] ---> fetch number of entry:0 entries
2015-05-15 10:27:16 HandlerKafkaZkLocal$Fetcher$FetchMonitorMin [INFO] ---> fetch sum size :0.0 MB
2015-05-15 10:27:16 HandlerKafkaZkLocal$Fetcher$FetchMonitorMin [INFO] ---> fetch delay num :0.0
2015-05-15 10:27:16 HandlerKafkaZkLocal$Fetcher$FetchMonitorMin [ERROR] 
2015-05-15 10:28:16 HandlerKafkaZkLocal$HeartBeat [INFO] =================================> check assembly heartbeats......
2015-05-15 10:28:16 HandlerKafkaZkLocal$Minuter [INFO] ===================================> per minute thread :
2015-05-15 10:28:16 HandlerKafkaZkLocal$Minuter [INFO] ---> binlog file is null,position is :-1; batch id is :-1,in batch id is :-1
2015-05-15 10:28:16 HandlerKafkaZkLocal$Fetcher$FetchMonitorMin [INFO] ==============> per minute fetch monitor:
2015-05-15 10:28:16 HandlerKafkaZkLocal$Fetcher$FetchMonitorMin [INFO] ---> fetch number of entry:0 entries
2015-05-15 10:28:16 HandlerKafkaZkLocal$Fetcher$FetchMonitorMin [INFO] ---> fetch sum size :0.0 MB
2015-05-15 10:28:16 HandlerKafkaZkLocal$Fetcher$FetchMonitorMin [INFO] ---> fetch delay num :0.0
2015-05-15 10:28:16 HandlerKafkaZkLocal$Fetcher$FetchMonitorMin [ERROR] 
2015-05-15 10:30:47 HandlerKafkaZkLocal [INFO] preparing......
2015-05-15 10:30:47 HandlerKafkaZkLocal [INFO] initializing......
2015-05-15 10:30:49 HandlerKafkaZkLocal [INFO] finding position......
2015-05-15 10:30:49 HandlerKafkaZkLocal [INFO] start the tracker successfully......
2015-05-15 10:30:49 HandlerKafkaZkLocal [INFO] find mysql show master status......
2015-05-15 10:30:49 HandlerKafkaZkLocal [INFO] start position :mysql-bin.000305:107:0:0
2015-05-15 10:30:50 HandlerKafkaZkLocal$Fetcher$FetchMonitorMin [ERROR] 
